[2025-06-20 19:00:31,139: INFO: This is the custom log]
[2025-06-21 23:04:58,583: INFO: yaml file: C:\Users\Jagadeep\Desktop\ml playground\projects\wine quality end to end\config\config.yaml loaded succesfully]
[2025-06-21 23:04:58,585: INFO: yaml file: C:\Users\Jagadeep\Desktop\ml playground\projects\wine quality end to end\params.yaml loaded succesfully]
[2025-06-21 23:04:58,586: INFO: yaml file: C:\Users\Jagadeep\Desktop\ml playground\projects\wine quality end to end\schema.yaml loaded succesfully]
[2025-06-21 23:04:58,587: INFO: created directory at :artifacts_root]
[2025-06-21 23:11:04,457: INFO: yaml file: c:\Users\Jagadeep\Desktop\ml playground\projects\wine quality end to end\config\config.yaml loaded succesfully]
[2025-06-21 23:11:04,458: INFO: yaml file: c:\Users\Jagadeep\Desktop\ml playground\projects\wine quality end to end\params.yaml loaded succesfully]
[2025-06-21 23:11:04,460: INFO: yaml file: c:\Users\Jagadeep\Desktop\ml playground\projects\wine quality end to end\schema.yaml loaded succesfully]
[2025-06-21 23:11:04,461: INFO: created directory at :artifacts_root]
[2025-06-21 23:11:04,462: INFO: created directory at :artifacts/data_ingestion]
[2025-06-21 23:11:05,323: INFO: artifacts/data_ingestion/data.zip download! with following info: 
Connection: close
Content-Length: 21497
Cache-Control: max-age=300
Content-Security-Policy: default-src 'none'; style-src 'unsafe-inline'; sandbox
Content-Type: application/zip
ETag: "9dd794b9fc858075b432f971f1a022cc166132cedc98dd878a9d24c5afe9f839"
Strict-Transport-Security: max-age=31536000
X-Content-Type-Options: nosniff
X-Frame-Options: deny
X-XSS-Protection: 1; mode=block
X-GitHub-Request-Id: 26BE:24823E:1330A2:395ADB:6856EE11
Accept-Ranges: bytes
Date: Sat, 21 Jun 2025 17:41:06 GMT
Via: 1.1 varnish
X-Served-By: cache-maa10251-MAA
X-Cache: HIT
X-Cache-Hits: 0
X-Timer: S1750527666.223197,VS0,VE1
Vary: Authorization,Accept-Encoding
Access-Control-Allow-Origin: *
Cross-Origin-Resource-Policy: cross-origin
X-Fastly-Request-ID: a2ae9407fd51ee591b07a19cd107f083577fda17
Expires: Sat, 21 Jun 2025 17:46:06 GMT
Source-Age: 161

]
[2025-06-21 23:11:09,473: INFO: yaml file: c:\Users\Jagadeep\Desktop\ml playground\projects\wine quality end to end\config\config.yaml loaded succesfully]
[2025-06-21 23:11:09,473: INFO: yaml file: c:\Users\Jagadeep\Desktop\ml playground\projects\wine quality end to end\params.yaml loaded succesfully]
[2025-06-21 23:11:09,476: INFO: yaml file: c:\Users\Jagadeep\Desktop\ml playground\projects\wine quality end to end\schema.yaml loaded succesfully]
[2025-06-21 23:11:09,477: INFO: created directory at :artifacts_root]
[2025-06-21 23:11:09,478: INFO: created directory at :artifacts/data_ingestion]
[2025-06-21 23:11:09,478: INFO: File already exists of size: ~21 KB]
[2025-07-06 12:21:30,331: INFO: >>>>>> stage Data Ingestion stage started <<<<<<]
[2025-07-06 12:21:30,340: INFO: yaml file: C:\Users\Jagadeep\Desktop\ml playground\projects\wine quality end to end\config\config.yaml loaded succesfully]
[2025-07-06 12:21:30,349: INFO: yaml file: C:\Users\Jagadeep\Desktop\ml playground\projects\wine quality end to end\params.yaml loaded succesfully]
[2025-07-06 12:21:30,358: INFO: yaml file: C:\Users\Jagadeep\Desktop\ml playground\projects\wine quality end to end\schema.yaml loaded succesfully]
[2025-07-06 12:21:30,358: INFO: created directory at :artifacts_root]
[2025-07-06 12:21:30,359: INFO: created directory at :artifacts/data_ingestion]
[2025-07-06 12:21:31,544: INFO: artifacts/data_ingestion/data.zip download! with following info: 
Connection: close
Content-Length: 21497
Cache-Control: max-age=300
Content-Security-Policy: default-src 'none'; style-src 'unsafe-inline'; sandbox
Content-Type: application/zip
ETag: "9dd794b9fc858075b432f971f1a022cc166132cedc98dd878a9d24c5afe9f839"
Strict-Transport-Security: max-age=31536000
X-Content-Type-Options: nosniff
X-Frame-Options: deny
X-XSS-Protection: 1; mode=block
X-GitHub-Request-Id: 790D:38AECF:1D592A:5BE92C:686A1CF4
Accept-Ranges: bytes
Date: Sun, 06 Jul 2025 06:51:32 GMT
Via: 1.1 varnish
X-Served-By: cache-bom4724-BOM
X-Cache: MISS
X-Cache-Hits: 0
X-Timer: S1751784693.621116,VS0,VE247
Vary: Authorization,Accept-Encoding
Access-Control-Allow-Origin: *
Cross-Origin-Resource-Policy: cross-origin
X-Fastly-Request-ID: 9f79447eca106f70cd296f0ebb6f1ceb48b125ce
Expires: Sun, 06 Jul 2025 06:56:32 GMT
Source-Age: 0

]
[2025-07-06 12:21:31,563: INFO: >>>>>> stage Data Ingestion stage completed <<<<<<

x==========x]
