[2025-06-21 23:08:23,380: INFO: yaml file: c:\users\jagadeep\desktop\ml playground\projects\wine quality end to end\config\config.yaml loaded succesfully]
[2025-06-21 23:08:23,382: INFO: yaml file: c:\users\jagadeep\desktop\ml playground\projects\wine quality end to end\params.yaml loaded succesfully]
[2025-06-21 23:08:23,385: INFO: yaml file: c:\users\jagadeep\desktop\ml playground\projects\wine quality end to end\schema.yaml loaded succesfully]
[2025-06-21 23:08:23,386: INFO: created directory at :artifacts_root]
[2025-06-21 23:08:23,387: INFO: created directory at :artifacts/data_ingestion]
[2025-06-21 23:08:24,860: INFO: artifacts/data_ingestion/data.zip download! with following info: 
Connection: close
Content-Length: 21497
Cache-Control: max-age=300
Content-Security-Policy: default-src 'none'; style-src 'unsafe-inline'; sandbox
Content-Type: application/zip
ETag: "9dd794b9fc858075b432f971f1a022cc166132cedc98dd878a9d24c5afe9f839"
Strict-Transport-Security: max-age=31536000
X-Content-Type-Options: nosniff
X-Frame-Options: deny
X-XSS-Protection: 1; mode=block
X-GitHub-Request-Id: 26BE:24823E:1330A2:395ADB:6856EE11
Accept-Ranges: bytes
Date: Sat, 21 Jun 2025 17:38:25 GMT
Via: 1.1 varnish
X-Served-By: cache-maa10228-MAA
X-Cache: MISS
X-Cache-Hits: 0
X-Timer: S1750527505.321442,VS0,VE301
Vary: Authorization,Accept-Encoding
Access-Control-Allow-Origin: *
Cross-Origin-Resource-Policy: cross-origin
X-Fastly-Request-ID: ca0da461d7968cf9fa7226f461ced8cfc22baa84
Expires: Sat, 21 Jun 2025 17:43:25 GMT
Source-Age: 0

]
